{"/home/linuxeduardo/Área de Trabalho/Dv_/VUE/app-escola2/src/stores/counter.js": {"path":"/home/linuxeduardo/Área de Trabalho/Dv_/VUE/app-escola2/src/stores/counter.js","all":false,"statementMap":{"0":{"start":{"line":1,"column":0},"end":{"line":1,"column":36}},"1":{"start":{"line":2,"column":0},"end":{"line":2,"column":0}},"2":{"start":{"line":3,"column":0},"end":{"line":3,"column":55}},"3":{"start":{"line":4,"column":0},"end":{"line":4,"column":30}},"4":{"start":{"line":5,"column":0},"end":{"line":5,"column":12}},"5":{"start":{"line":6,"column":0},"end":{"line":6,"column":44}},"6":{"start":{"line":7,"column":0},"end":{"line":7,"column":4}},"7":{"start":{"line":8,"column":0},"end":{"line":8,"column":12}},"8":{"start":{"line":9,"column":0},"end":{"line":9,"column":17}},"9":{"start":{"line":10,"column":0},"end":{"line":10,"column":19}},"10":{"start":{"line":11,"column":0},"end":{"line":11,"column":6}},"11":{"start":{"line":12,"column":0},"end":{"line":12,"column":4}},"12":{"start":{"line":13,"column":0},"end":{"line":13,"column":3}}},"s":{"0":1,"1":1,"2":1,"3":1,"4":1,"5":1,"6":1,"7":1,"8":1,"9":1,"10":1,"11":1,"12":1},"branchMap":{"0":{"type":"branch","line":4,"loc":{"start":{"line":4,"column":10},"end":{"line":4,"column":30}},"locations":[{"start":{"line":4,"column":10},"end":{"line":4,"column":30}}]},"1":{"type":"branch","line":9,"loc":{"start":{"line":9,"column":5},"end":{"line":11,"column":6}},"locations":[{"start":{"line":9,"column":5},"end":{"line":11,"column":6}}]}},"b":{"0":[2],"1":[1]},"fnMap":{"0":{"name":"state","decl":{"start":{"line":4,"column":10},"end":{"line":4,"column":30}},"loc":{"start":{"line":4,"column":10},"end":{"line":4,"column":30}},"line":4},"1":{"name":"doubleCount","decl":{"start":{"line":6,"column":18},"end":{"line":6,"column":44}},"loc":{"start":{"line":6,"column":18},"end":{"line":6,"column":44}},"line":6},"2":{"name":"increment","decl":{"start":{"line":9,"column":5},"end":{"line":11,"column":6}},"loc":{"start":{"line":9,"column":5},"end":{"line":11,"column":6}},"line":9}},"f":{"0":2,"1":0,"2":1}}
}
